<?xml version="1.0" encoding="UTF-8"?>
<!-- Generated by org.testng.reporters.JUnitReportReporter -->
<testsuite hostname="DESKTOP-T3OP51S" failures="0" tests="1" name="Driver_factory.AppTest" time="40.747" errors="0" timestamp="2024-07-22T14:56:30 IST" skipped="0">
  <testcase classname="Driver_factory.AppTest" name="kickStart" time="40.747">
    <system-out>
      <![CDATA[Customer-00000008999        Customer-00000008999]]>
    </system-out>
  </testcase> <!-- kickStart -->
  <system-out>
    <![CDATA[Customer-00000008999        Customer-00000008999]]>
  </system-out>
</testsuite> <!-- Driver_factory.AppTest -->
